<?xml version="1.0" encoding="UTF-8" ?>
<testsuite errors="13" failures="0" hostname="chilz" name="limitedlibrarymanagementsystem.DBControllerTest" skipped="0" tests="14" time="0.273" timestamp="2021-12-11T17:49:52">
  <properties>
[...]
</properties>
  <testcase classname="limitedlibrarymanagementsystem.DBControllerTest" name="testViewIssuedBooks" time="0.159">
    <error message="Cannot invoke &quot;String.equals(Object)&quot; because &quot;limitedlibrarymanagementsystem.MainMenuForm.language&quot; is null" type="java.lang.NullPointerException">java.lang.NullPointerException: Cannot invoke &quot;String.equals(Object)&quot; because &quot;limitedlibrarymanagementsystem.MainMenuForm.language&quot; is null
	at limitedlibrarymanagementsystem.DBController.viewIssuedBooks(DBController.java:129)
	at limitedlibrarymanagementsystem.DBControllerTest.testViewIssuedBooks(DBControllerTest.java:123)
	at java.base/jdk.internal.reflect.NativeMethodAccessorImpl.invoke0(Native Method)
	at java.base/jdk.internal.reflect.NativeMethodAccessorImpl.invoke(NativeMethodAccessorImpl.java:77)
	at java.base/jdk.internal.reflect.DelegatingMethodAccessorImpl.invoke(DelegatingMethodAccessorImpl.java:43)
</error>
  </testcase>
  <testcase classname="limitedlibrarymanagementsystem.DBControllerTest" name="testAddBook" time="0.019" />
  <testcase classname="limitedlibrarymanagementsystem.DBControllerTest" name="testToReturn" time="0.001">
    <error message="Cannot invoke &quot;limitedlibrarymanagementsystem.DBController.toReturn(limitedlibrarymanagementsystem.Book)&quot; because &quot;instance&quot; is null" type="java.lang.NullPointerException">java.lang.NullPointerException: Cannot invoke &quot;limitedlibrarymanagementsystem.DBController.toReturn(limitedlibrarymanagementsystem.Book)&quot; because &quot;instance&quot; is null
	at limitedlibrarymanagementsystem.DBControllerTest.testToReturn(DBControllerTest.java:240)
	at java.base/jdk.internal.reflect.NativeMethodAccessorImpl.invoke0(Native Method)
	at java.base/jdk.internal.reflect.NativeMethodAccessorImpl.invoke(NativeMethodAccessorImpl.java:77)
	at java.base/jdk.internal.reflect.DelegatingMethodAccessorImpl.invoke(DelegatingMethodAccessorImpl.java:43)
</error>
  </testcase>
  <testcase classname="limitedlibrarymanagementsystem.DBControllerTest" name="testSearchBookByAuthorName" time="0.001">
    <error message="Cannot invoke &quot;limitedlibrarymanagementsystem.DBController.searchBookByAuthorName(String)&quot; because &quot;instance&quot; is null" type="java.lang.NullPointerException">java.lang.NullPointerException: Cannot invoke &quot;limitedlibrarymanagementsystem.DBController.searchBookByAuthorName(String)&quot; because &quot;instance&quot; is null
	at limitedlibrarymanagementsystem.DBControllerTest.testSearchBookByAuthorName(DBControllerTest.java:195)
	at java.base/jdk.internal.reflect.NativeMethodAccessorImpl.invoke0(Native Method)
	at java.base/jdk.internal.reflect.NativeMethodAccessorImpl.invoke(NativeMethodAccessorImpl.java:77)
	at java.base/jdk.internal.reflect.DelegatingMethodAccessorImpl.invoke(DelegatingMethodAccessorImpl.java:43)
</error>
  </testcase>
  <testcase classname="limitedlibrarymanagementsystem.DBControllerTest" name="testSearchBookByPublisher" time="0.001">
    <error message="Cannot invoke &quot;limitedlibrarymanagementsystem.DBController.searchBookByPublisher(String)&quot; because &quot;instance&quot; is null" type="java.lang.NullPointerException">java.lang.NullPointerException: Cannot invoke &quot;limitedlibrarymanagementsystem.DBController.searchBookByPublisher(String)&quot; because &quot;instance&quot; is null
	at limitedlibrarymanagementsystem.DBControllerTest.testSearchBookByPublisher(DBControllerTest.java:210)
	at java.base/jdk.internal.reflect.NativeMethodAccessorImpl.invoke0(Native Method)
	at java.base/jdk.internal.reflect.NativeMethodAccessorImpl.invoke(NativeMethodAccessorImpl.java:77)
	at java.base/jdk.internal.reflect.DelegatingMethodAccessorImpl.invoke(DelegatingMethodAccessorImpl.java:43)
</error>
  </testcase>
  <testcase classname="limitedlibrarymanagementsystem.DBControllerTest" name="testUpdateViewBookList" time="0.001">
    <error message="Cannot invoke &quot;limitedlibrarymanagementsystem.DBController.updateViewBookList(java.util.List)&quot; because &quot;instance&quot; is null" type="java.lang.NullPointerException">java.lang.NullPointerException: Cannot invoke &quot;limitedlibrarymanagementsystem.DBController.updateViewBookList(java.util.List)&quot; because &quot;instance&quot; is null
	at limitedlibrarymanagementsystem.DBControllerTest.testUpdateViewBookList(DBControllerTest.java:255)
	at java.base/jdk.internal.reflect.NativeMethodAccessorImpl.invoke0(Native Method)
	at java.base/jdk.internal.reflect.NativeMethodAccessorImpl.invoke(NativeMethodAccessorImpl.java:77)
	at java.base/jdk.internal.reflect.DelegatingMethodAccessorImpl.invoke(DelegatingMethodAccessorImpl.java:43)
</error>
  </testcase>
  <testcase classname="limitedlibrarymanagementsystem.DBControllerTest" name="testUpdateViewIssuedTable" time="0.001">
    <error message="Cannot invoke &quot;limitedlibrarymanagementsystem.DBController.updateViewIssuedTable()&quot; because &quot;instance&quot; is null" type="java.lang.NullPointerException">java.lang.NullPointerException: Cannot invoke &quot;limitedlibrarymanagementsystem.DBController.updateViewIssuedTable()&quot; because &quot;instance&quot; is null
	at limitedlibrarymanagementsystem.DBControllerTest.testUpdateViewIssuedTable(DBControllerTest.java:137)
	at java.base/jdk.internal.reflect.NativeMethodAccessorImpl.invoke0(Native Method)
	at java.base/jdk.internal.reflect.NativeMethodAccessorImpl.invoke(NativeMethodAccessorImpl.java:77)
	at java.base/jdk.internal.reflect.DelegatingMethodAccessorImpl.invoke(DelegatingMethodAccessorImpl.java:43)
</error>
  </testcase>
  <testcase classname="limitedlibrarymanagementsystem.DBControllerTest" name="testViewCatalog" time="0.006">
    <error message="Cannot invoke &quot;String.equals(Object)&quot; because &quot;limitedlibrarymanagementsystem.MainMenuForm.language&quot; is null" type="java.lang.NullPointerException">java.lang.NullPointerException: Cannot invoke &quot;String.equals(Object)&quot; because &quot;limitedlibrarymanagementsystem.MainMenuForm.language&quot; is null
	at limitedlibrarymanagementsystem.BookData.toString(BookData.java:130)
	at limitedlibrarymanagementsystem.IViewable.viewCatalog(IViewable.java:74)
	at limitedlibrarymanagementsystem.Book.viewCatalog(Book.java:254)
	at limitedlibrarymanagementsystem.DBController.viewCatalog(DBController.java:119)
	at limitedlibrarymanagementsystem.DBControllerTest.testViewCatalog(DBControllerTest.java:110)
	at java.base/jdk.internal.reflect.NativeMethodAccessorImpl.invoke0(Native Method)
	at java.base/jdk.internal.reflect.NativeMethodAccessorImpl.invoke(NativeMethodAccessorImpl.java:77)
	at java.base/jdk.internal.reflect.DelegatingMethodAccessorImpl.invoke(DelegatingMethodAccessorImpl.java:43)
</error>
  </testcase>
  <testcase classname="limitedlibrarymanagementsystem.DBControllerTest" name="testUpdateViewCatalogFrench" time="0.001">
    <error message="Cannot invoke &quot;limitedlibrarymanagementsystem.DBController.updateViewCatalogFrench()&quot; because &quot;instance&quot; is null" type="java.lang.NullPointerException">java.lang.NullPointerException: Cannot invoke &quot;limitedlibrarymanagementsystem.DBController.updateViewCatalogFrench()&quot; because &quot;instance&quot; is null
	at limitedlibrarymanagementsystem.DBControllerTest.testUpdateViewCatalogFrench(DBControllerTest.java:165)
	at java.base/jdk.internal.reflect.NativeMethodAccessorImpl.invoke0(Native Method)
	at java.base/jdk.internal.reflect.NativeMethodAccessorImpl.invoke(NativeMethodAccessorImpl.java:77)
	at java.base/jdk.internal.reflect.DelegatingMethodAccessorImpl.invoke(DelegatingMethodAccessorImpl.java:43)
</error>
  </testcase>
  <testcase classname="limitedlibrarymanagementsystem.DBControllerTest" name="testReturnBook" time="0.0">
    <error message="Cannot invoke &quot;limitedlibrarymanagementsystem.DBController.returnBook(limitedlibrarymanagementsystem.Book, limitedlibrarymanagementsystem.Student)&quot; because &quot;instance&quot; is null" type="java.lang.NullPointerException">java.lang.NullPointerException: Cannot invoke &quot;limitedlibrarymanagementsystem.DBController.returnBook(limitedlibrarymanagementsystem.Book, limitedlibrarymanagementsystem.Student)&quot; because &quot;instance&quot; is null
	at limitedlibrarymanagementsystem.DBControllerTest.testReturnBook(DBControllerTest.java:97)
	at java.base/jdk.internal.reflect.NativeMethodAccessorImpl.invoke0(Native Method)
	at java.base/jdk.internal.reflect.NativeMethodAccessorImpl.invoke(NativeMethodAccessorImpl.java:77)
	at java.base/jdk.internal.reflect.DelegatingMethodAccessorImpl.invoke(DelegatingMethodAccessorImpl.java:43)
</error>
  </testcase>
  <testcase classname="limitedlibrarymanagementsystem.DBControllerTest" name="testSearchBookByTitle" time="0.001">
    <error message="Cannot invoke &quot;limitedlibrarymanagementsystem.DBController.searchBookByTitle(String)&quot; because &quot;instance&quot; is null" type="java.lang.NullPointerException">java.lang.NullPointerException: Cannot invoke &quot;limitedlibrarymanagementsystem.DBController.searchBookByTitle(String)&quot; because &quot;instance&quot; is null
	at limitedlibrarymanagementsystem.DBControllerTest.testSearchBookByTitle(DBControllerTest.java:180)
	at java.base/jdk.internal.reflect.NativeMethodAccessorImpl.invoke0(Native Method)
	at java.base/jdk.internal.reflect.NativeMethodAccessorImpl.invoke(NativeMethodAccessorImpl.java:77)
	at java.base/jdk.internal.reflect.DelegatingMethodAccessorImpl.invoke(DelegatingMethodAccessorImpl.java:43)
</error>
  </testcase>
  <testcase classname="limitedlibrarymanagementsystem.DBControllerTest" name="testIssueBook" time="0.001">
    <error message="Cannot invoke &quot;limitedlibrarymanagementsystem.DBController.issueBook(limitedlibrarymanagementsystem.Book, limitedlibrarymanagementsystem.Student)&quot; because &quot;instance&quot; is null" type="java.lang.NullPointerException">java.lang.NullPointerException: Cannot invoke &quot;limitedlibrarymanagementsystem.DBController.issueBook(limitedlibrarymanagementsystem.Book, limitedlibrarymanagementsystem.Student)&quot; because &quot;instance&quot; is null
	at limitedlibrarymanagementsystem.DBControllerTest.testIssueBook(DBControllerTest.java:81)
	at java.base/jdk.internal.reflect.NativeMethodAccessorImpl.invoke0(Native Method)
	at java.base/jdk.internal.reflect.NativeMethodAccessorImpl.invoke(NativeMethodAccessorImpl.java:77)
	at java.base/jdk.internal.reflect.DelegatingMethodAccessorImpl.invoke(DelegatingMethodAccessorImpl.java:43)
</error>
  </testcase>
  <testcase classname="limitedlibrarymanagementsystem.DBControllerTest" name="testBorrow" time="0.0">
    <error message="Cannot invoke &quot;limitedlibrarymanagementsystem.DBController.borrow(limitedlibrarymanagementsystem.Book)&quot; because &quot;instance&quot; is null" type="java.lang.NullPointerException">java.lang.NullPointerException: Cannot invoke &quot;limitedlibrarymanagementsystem.DBController.borrow(limitedlibrarymanagementsystem.Book)&quot; because &quot;instance&quot; is null
	at limitedlibrarymanagementsystem.DBControllerTest.testBorrow(DBControllerTest.java:225)
	at java.base/jdk.internal.reflect.NativeMethodAccessorImpl.invoke0(Native Method)
	at java.base/jdk.internal.reflect.NativeMethodAccessorImpl.invoke(NativeMethodAccessorImpl.java:77)
	at java.base/jdk.internal.reflect.DelegatingMethodAccessorImpl.invoke(DelegatingMethodAccessorImpl.java:43)
</error>
  </testcase>
  <testcase classname="limitedlibrarymanagementsystem.DBControllerTest" name="testUpdateViewCatalog" time="0.0">
    <error message="Cannot invoke &quot;limitedlibrarymanagementsystem.DBController.updateViewCatalog()&quot; because &quot;instance&quot; is null" type="java.lang.NullPointerException">java.lang.NullPointerException: Cannot invoke &quot;limitedlibrarymanagementsystem.DBController.updateViewCatalog()&quot; because &quot;instance&quot; is null
	at limitedlibrarymanagementsystem.DBControllerTest.testUpdateViewCatalog(DBControllerTest.java:151)
	at java.base/jdk.internal.reflect.NativeMethodAccessorImpl.invoke0(Native Method)
	at java.base/jdk.internal.reflect.NativeMethodAccessorImpl.invoke(NativeMethodAccessorImpl.java:77)
	at java.base/jdk.internal.reflect.DelegatingMethodAccessorImpl.invoke(DelegatingMethodAccessorImpl.java:43)
</error>
  </testcase>
  <system-out><![CDATA[viewIssuedBooks
toReturn
searchBookByAuthorName
searchBookByPublisher
updateViewBookList
updateViewIssuedTable
viewCatalog
updateViewCatalogFrench
returnBook
searchBookByTitle
issueBook
borrow
updateViewCatalog
]]></system-out>
  <system-err><![CDATA[]]></system-err>
</testsuite>
